{
  message: 'successfully connected!!!!!!!!!!',
  level: 'info',
  label: 'Logger-Status',
  timestamp: '2023-07-13T12:22:46.947Z'
}
{
  message: 'Server is running!!!!!!!!!',
  level: 'info',
  label: 'Logger-Status',
  timestamp: '2023-07-13T12:22:46.968Z'
}
{
  message: 'successfully connected!!!!!!!!!!',
  level: 'info',
  label: 'Logger-Status',
  timestamp: '2023-07-13T12:23:47.070Z'
}
{
  message: 'Server is running!!!!!!!!!',
  level: 'info',
  label: 'Logger-Status',
  timestamp: '2023-07-13T12:23:47.088Z'
}
{
  message: 'successfully connected!!!!!!!!!!',
  level: 'info',
  label: 'Logger-Status',
  timestamp: '2023-07-13T12:26:38.774Z'
}
{
  message: 'Server is running!!!!!!!!!',
  level: 'info',
  label: 'Logger-Status',
  timestamp: '2023-07-13T12:26:38.795Z'
}
{
  message: 'successfully connected!!!!!!!!!!',
  level: 'info',
  label: 'Logger-Status',
  timestamp: '2023-07-13T12:27:24.777Z'
}
{
  message: 'Server is running!!!!!!!!!',
  level: 'info',
  label: 'Logger-Status',
  timestamp: '2023-07-13T12:27:24.796Z'
}
