{
  message: 'successfully connected!!!!!!!!!!',
  level: 'info',
  label: 'Logger-Status',
  timestamp: '2023-07-25T16:06:24.544Z'
}
{
  message: 'Server is running!!!!!!!!!',
  level: 'info',
  label: 'Logger-Status',
  timestamp: '2023-07-25T16:06:24.554Z'
}
{
  message: 'successfully connected!!!!!!!!!!',
  level: 'info',
  label: 'Logger-Status',
  timestamp: '2023-07-25T16:12:24.014Z'
}
{
  message: 'Server is running!!!!!!!!!',
  level: 'info',
  label: 'Logger-Status',
  timestamp: '2023-07-25T16:12:24.025Z'
}
{
  message: 'successfully connected!!!!!!!!!!',
  level: 'info',
  label: 'Logger-Status',
  timestamp: '2023-07-25T16:14:58.461Z'
}
{
  message: 'Server is running!!!!!!!!!',
  level: 'info',
  label: 'Logger-Status',
  timestamp: '2023-07-25T16:14:58.472Z'
}
{
  message: 'successfully connected!!!!!!!!!!',
  level: 'info',
  label: 'Logger-Status',
  timestamp: '2023-07-25T16:15:30.452Z'
}
{
  message: 'Server is running!!!!!!!!!',
  level: 'info',
  label: 'Logger-Status',
  timestamp: '2023-07-25T16:15:30.463Z'
}
{
  message: 'successfully connected!!!!!!!!!!',
  level: 'info',
  label: 'Logger-Status',
  timestamp: '2023-07-25T16:16:12.904Z'
}
{
  message: 'Server is running!!!!!!!!!',
  level: 'info',
  label: 'Logger-Status',
  timestamp: '2023-07-25T16:16:12.916Z'
}
{
  message: 'successfully connected!!!!!!!!!!',
  level: 'info',
  label: 'Logger-Status',
  timestamp: '2023-07-25T16:17:53.930Z'
}
{
  message: 'Server is running!!!!!!!!!',
  level: 'info',
  label: 'Logger-Status',
  timestamp: '2023-07-25T16:17:53.941Z'
}
{
  message: 'successfully connected!!!!!!!!!!',
  level: 'info',
  label: 'Logger-Status',
  timestamp: '2023-07-25T16:19:41.314Z'
}
{
  message: 'Server is running!!!!!!!!!',
  level: 'info',
  label: 'Logger-Status',
  timestamp: '2023-07-25T16:19:41.337Z'
}
{
  message: 'successfully connected!!!!!!!!!!',
  level: 'info',
  label: 'Logger-Status',
  timestamp: '2023-07-25T16:20:24.515Z'
}
{
  message: 'Server is running!!!!!!!!!',
  level: 'info',
  label: 'Logger-Status',
  timestamp: '2023-07-25T16:20:24.542Z'
}
