{
  message: 'successfully connected!!!!!!!!!!',
  level: 'info',
  label: 'Logger-Status',
  timestamp: '2023-07-13T16:01:33.331Z'
}
{
  message: 'Server is running!!!!!!!!!',
  level: 'info',
  label: 'Logger-Status',
  timestamp: '2023-07-13T16:01:33.341Z'
}
{
  message: 'successfully connected!!!!!!!!!!',
  level: 'info',
  label: 'Logger-Status',
  timestamp: '2023-07-13T16:04:14.404Z'
}
{
  message: 'Server is running!!!!!!!!!',
  level: 'info',
  label: 'Logger-Status',
  timestamp: '2023-07-13T16:04:14.419Z'
}
{
  message: 'successfully connected!!!!!!!!!!',
  level: 'info',
  label: 'Logger-Status',
  timestamp: '2023-07-13T16:04:32.915Z'
}
{
  message: 'Server is running!!!!!!!!!',
  level: 'info',
  label: 'Logger-Status',
  timestamp: '2023-07-13T16:04:32.924Z'
}
{
  message: 'successfully connected!!!!!!!!!!',
  level: 'info',
  label: 'Logger-Status',
  timestamp: '2023-07-13T16:06:16.371Z'
}
{
  message: 'Server is running!!!!!!!!!',
  level: 'info',
  label: 'Logger-Status',
  timestamp: '2023-07-13T16:06:16.381Z'
}
{
  message: 'successfully connected!!!!!!!!!!',
  level: 'info',
  label: 'Logger-Status',
  timestamp: '2023-07-13T16:06:50.125Z'
}
{
  message: 'Server is running!!!!!!!!!',
  level: 'info',
  label: 'Logger-Status',
  timestamp: '2023-07-13T16:06:50.135Z'
}
{
  message: 'successfully connected!!!!!!!!!!',
  level: 'info',
  label: 'Logger-Status',
  timestamp: '2023-07-13T16:08:16.340Z'
}
{
  message: 'Server is running!!!!!!!!!',
  level: 'info',
  label: 'Logger-Status',
  timestamp: '2023-07-13T16:08:16.352Z'
}
{
  message: 'successfully connected!!!!!!!!!!',
  level: 'info',
  label: 'Logger-Status',
  timestamp: '2023-07-13T16:08:58.306Z'
}
{
  message: 'Server is running!!!!!!!!!',
  level: 'info',
  label: 'Logger-Status',
  timestamp: '2023-07-13T16:08:58.315Z'
}
{
  message: 'successfully connected!!!!!!!!!!',
  level: 'info',
  label: 'Logger-Status',
  timestamp: '2023-07-13T16:12:26.890Z'
}
{
  message: 'Server is running!!!!!!!!!',
  level: 'info',
  label: 'Logger-Status',
  timestamp: '2023-07-13T16:12:26.911Z'
}
{
  message: 'successfully connected!!!!!!!!!!',
  level: 'info',
  label: 'Logger-Status',
  timestamp: '2023-07-13T16:14:08.565Z'
}
{
  message: 'Server is running!!!!!!!!!',
  level: 'info',
  label: 'Logger-Status',
  timestamp: '2023-07-13T16:14:08.575Z'
}
{
  message: 'successfully connected!!!!!!!!!!',
  level: 'info',
  label: 'Logger-Status',
  timestamp: '2023-07-13T16:15:02.666Z'
}
{
  message: 'Server is running!!!!!!!!!',
  level: 'info',
  label: 'Logger-Status',
  timestamp: '2023-07-13T16:15:02.679Z'
}
{
  message: 'successfully connected!!!!!!!!!!',
  level: 'info',
  label: 'Logger-Status',
  timestamp: '2023-07-13T16:17:09.657Z'
}
{
  message: 'Server is running!!!!!!!!!',
  level: 'info',
  label: 'Logger-Status',
  timestamp: '2023-07-13T16:17:09.675Z'
}
{
  message: 'successfully connected!!!!!!!!!!',
  level: 'info',
  label: 'Logger-Status',
  timestamp: '2023-07-13T16:18:18.022Z'
}
{
  message: 'Server is running!!!!!!!!!',
  level: 'info',
  label: 'Logger-Status',
  timestamp: '2023-07-13T16:18:18.035Z'
}
{
  message: 'successfully connected!!!!!!!!!!',
  level: 'info',
  label: 'Logger-Status',
  timestamp: '2023-07-13T16:19:40.395Z'
}
{
  message: 'Server is running!!!!!!!!!',
  level: 'info',
  label: 'Logger-Status',
  timestamp: '2023-07-13T16:19:40.405Z'
}
