{
  message: 'successfully connected!!!!!!!!!!',
  level: 'info',
  label: 'Logger-Status',
  timestamp: '2023-07-14T05:03:27.033Z'
}
{
  message: 'Server is running!!!!!!!!!',
  level: 'info',
  label: 'Logger-Status',
  timestamp: '2023-07-14T05:03:27.041Z'
}
{
  message: 'successfully connected!!!!!!!!!!',
  level: 'info',
  label: 'Logger-Status',
  timestamp: '2023-07-14T05:08:01.629Z'
}
{
  message: 'Server is running!!!!!!!!!',
  level: 'info',
  label: 'Logger-Status',
  timestamp: '2023-07-14T05:08:01.643Z'
}
{
  message: 'successfully connected!!!!!!!!!!',
  level: 'info',
  label: 'Logger-Status',
  timestamp: '2023-07-14T05:10:12.569Z'
}
{
  message: 'Server is running!!!!!!!!!',
  level: 'info',
  label: 'Logger-Status',
  timestamp: '2023-07-14T05:10:12.578Z'
}
{
  message: 'successfully connected!!!!!!!!!!',
  level: 'info',
  label: 'Logger-Status',
  timestamp: '2023-07-14T05:29:27.003Z'
}
{
  message: 'Server is running!!!!!!!!!',
  level: 'info',
  label: 'Logger-Status',
  timestamp: '2023-07-14T05:29:27.013Z'
}
{
  message: 'successfully connected!!!!!!!!!!',
  level: 'info',
  label: 'Logger-Status',
  timestamp: '2023-07-14T05:35:04.073Z'
}
{
  message: 'Server is running!!!!!!!!!',
  level: 'info',
  label: 'Logger-Status',
  timestamp: '2023-07-14T05:35:04.081Z'
}
{
  message: 'successfully connected!!!!!!!!!!',
  level: 'info',
  label: 'Logger-Status',
  timestamp: '2023-07-14T05:46:40.585Z'
}
{
  message: 'Server is running!!!!!!!!!',
  level: 'info',
  label: 'Logger-Status',
  timestamp: '2023-07-14T05:46:40.595Z'
}
{
  message: 'successfully connected!!!!!!!!!!',
  level: 'info',
  label: 'Logger-Status',
  timestamp: '2023-07-14T05:51:21.277Z'
}
{
  message: 'Server is running!!!!!!!!!',
  level: 'info',
  label: 'Logger-Status',
  timestamp: '2023-07-14T05:51:21.289Z'
}
