{
  message: 'successfully connected!!!!!!!!!!',
  level: 'info',
  label: 'Logger-Status',
  timestamp: '2023-07-13T06:06:43.703Z'
}
{
  message: 'Server is running!!!!!!!!!',
  level: 'info',
  label: 'Logger-Status',
  timestamp: '2023-07-13T06:06:43.714Z'
}
{
  message: 'successfully connected!!!!!!!!!!',
  level: 'info',
  label: 'Logger-Status',
  timestamp: '2023-07-13T06:09:05.149Z'
}
{
  message: 'Server is running!!!!!!!!!',
  level: 'info',
  label: 'Logger-Status',
  timestamp: '2023-07-13T06:09:05.158Z'
}
{
  message: 'successfully connected!!!!!!!!!!',
  level: 'info',
  label: 'Logger-Status',
  timestamp: '2023-07-13T06:11:31.628Z'
}
{
  message: 'Server is running!!!!!!!!!',
  level: 'info',
  label: 'Logger-Status',
  timestamp: '2023-07-13T06:11:31.636Z'
}
